Build started 2015-12-13 23:50:26.
     1>Project "D:\DevCode\Games\Ludum\Ludum\Ludum.vcxproj" on node 2 (Build target(s)).
     1>ClCompile:
         C:\Program Files (x86)\Microsoft Visual Studio 12.0\VC\bin\CL.exe /c /IC:\SDL2\include /ZI /nologo /W3 /WX- /sdl /Od /Oy- /D WIN32 /D _DEBUG /D _WINDOWS /D _UNICODE /D UNICODE /Gm /EHsc /RTC1 /MDd /GS /fp:precise /Zc:wchar_t /Zc:forScope /Fo"Debug\\" /Fd"Debug\vc120.pdb" /Gd /TP /analyze- /errorReport:prompt src\GameEngine.cpp src\Main.cpp
         Main.cpp
     1>d:\devcode\games\ludum\ludum\src\drawable.h(30): warning C4244: '=' : conversion from 'float' to 'int', possible loss of data
     1>d:\devcode\games\ludum\ludum\src\drawable.h(31): warning C4244: '=' : conversion from 'float' to 'int', possible loss of data
         GameEngine.cpp
         Generating Code...
       Link:
         C:\Program Files (x86)\Microsoft Visual Studio 12.0\VC\bin\link.exe /ERRORREPORT:PROMPT /OUT:"D:\DevCode\Games\Ludum\Debug\Ludum.exe" /INCREMENTAL /NOLOGO SDL2.lib SDL2main.lib SDL2_ttf.lib SDL2_mixer.lib kernel32.lib user32.lib gdi32.lib winspool.lib comdlg32.lib advapi32.lib shell32.lib ole32.lib oleaut32.lib uuid.lib odbc32.lib odbccp32.lib /MANIFEST /MANIFESTUAC:"level='asInvoker' uiAccess='false'" /manifest:embed /DEBUG /PDB:"D:\DevCode\Games\Ludum\Debug\Ludum.pdb" /SUBSYSTEM:WINDOWS /TLBID:1 /DYNAMICBASE /NXCOMPAT /IMPLIB:"D:\DevCode\Games\Ludum\Debug\Ludum.lib" /MACHINE:X86 Debug\Animation.obj
         Debug\AnimationNode.obj
         Debug\AnimationReader.obj
         Debug\Sprite.obj
         Debug\Camera.obj
         Debug\GameEngine.obj
         Debug\GraphicHelper.obj
         Debug\InputHandler.obj
         Debug\Armor.obj
         Debug\Item.obj
         Debug\Weapon.obj
         Debug\Main.obj
         Debug\Map.obj
         Debug\MapReader.obj
         Debug\Lightning.obj
         Debug\Physics.obj
         Debug\Raycast.obj
         Debug\Player.obj
         Debug\SoundHandler.obj
         Debug\CreditState.obj
         Debug\EndingPrisonState.obj
         Debug\IntroState.obj
         Debug\MenuState.obj
         Debug\MiniGamePetState.obj
         Debug\MiniGamePowerState.obj
         Debug\MiniGameYogaState.obj
         Debug\PlayerHouseState.obj
         Debug\WorldState.obj
         Debug\DialogHandler.obj
         Debug\Menu.obj
         Debug\MenuTel.obj
         Debug\MenuTv.obj
         Debug\Unit.obj
         Debug\Vector2.obj
         Ludum.vcxproj -> D:\DevCode\Games\Ludum\Debug\Ludum.exe
     1>Done Building Project "D:\DevCode\Games\Ludum\Ludum\Ludum.vcxproj" (Build target(s)).

Build succeeded.

Time Elapsed 00:00:01.20
