d:\devcode\games\ludum\ludum\release\vc120.pdb
d:\devcode\games\ludum\ludum\release\creditstate.obj
d:\devcode\games\ludum\ludum\release\soundhandler.obj
d:\devcode\games\ludum\ludum\release\player.obj
d:\devcode\games\ludum\ludum\release\raycast.obj
d:\devcode\games\ludum\ludum\release\physics.obj
d:\devcode\games\ludum\ludum\release\lightning.obj
d:\devcode\games\ludum\ludum\release\mapreader.obj
d:\devcode\games\ludum\ludum\release\map.obj
d:\devcode\games\ludum\ludum\release\main.obj
d:\devcode\games\ludum\ludum\release\weapon.obj
d:\devcode\games\ludum\ludum\release\item.obj
d:\devcode\games\ludum\ludum\release\armor.obj
d:\devcode\games\ludum\ludum\release\inputhandler.obj
d:\devcode\games\ludum\ludum\release\graphichelper.obj
d:\devcode\games\ludum\ludum\release\gameengine.obj
d:\devcode\games\ludum\ludum\release\camera.obj
d:\devcode\games\ludum\ludum\release\sprite.obj
d:\devcode\games\ludum\ludum\release\animationreader.obj
d:\devcode\games\ludum\ludum\release\animationnode.obj
d:\devcode\games\ludum\ludum\release\animation.obj
d:\devcode\games\ludum\ludum\release\vector2.obj
d:\devcode\games\ludum\ludum\release\unit.obj
d:\devcode\games\ludum\ludum\release\menutv.obj
d:\devcode\games\ludum\ludum\release\menutel.obj
d:\devcode\games\ludum\ludum\release\menu.obj
d:\devcode\games\ludum\ludum\release\dialoghandler.obj
d:\devcode\games\ludum\ludum\release\worldstate.obj
d:\devcode\games\ludum\ludum\release\playerhousestate.obj
d:\devcode\games\ludum\ludum\release\minigameyogastate.obj
d:\devcode\games\ludum\ludum\release\minigamepowerstate.obj
d:\devcode\games\ludum\ludum\release\minigamepetstate.obj
d:\devcode\games\ludum\ludum\release\menustate.obj
d:\devcode\games\ludum\ludum\release\introstate.obj
d:\devcode\games\ludum\ludum\release\endingprisonstate.obj
d:\devcode\games\ludum\release\ludum.exe
d:\devcode\games\ludum\release\ludum.pdb
d:\devcode\games\ludum\ludum\release\ludum.tlog\cl.command.1.tlog
d:\devcode\games\ludum\ludum\release\ludum.tlog\cl.read.1.tlog
d:\devcode\games\ludum\ludum\release\ludum.tlog\cl.write.1.tlog
d:\devcode\games\ludum\ludum\release\ludum.tlog\link.command.1.tlog
d:\devcode\games\ludum\ludum\release\ludum.tlog\link.read.1.tlog
d:\devcode\games\ludum\ludum\release\ludum.tlog\link.write.1.tlog
